# JRE version: OpenJDK Runtime Environment (8.0_152-b06) (build 1.8.0_152-release-1136-b06)
# Java VM: OpenJDK 64-Bit Server VM (25.152-b06 mixed mode windows-amd64 compressed oops)
Heap:
 PSYoungGen      total 421888K, used 220355K [0x00000000e0000000, 0x00000000fd200000, 0x0000000100000000)
  eden space 414208K, 53% used [0x00000000e0000000,0x00000000ed730ea8,0x00000000f9480000)
  from space 7680K, 0% used [0x00000000fac80000,0x00000000fac80000,0x00000000fb400000)
  to   space 22528K, 0% used [0x00000000fbc00000,0x00000000fbc00000,0x00000000fd200000)
 ParOldGen       total 220672K, used 69008K [0x00000000a0000000, 0x00000000ad780000, 0x00000000e0000000)
  object space 220672K, 31% used [0x00000000a0000000,0x00000000a4364378,0x00000000ad780000)
 Metaspace       used 94863K, capacity 100418K, committed 100824K, reserved 1136640K
  class space    used 11839K, capacity 12936K, committed 13056K, reserved 1048576K
GC Heap History (10 events):
Event: 687.898 GC heap before
{Heap before GC invocations=31 (full 3):
 PSYoungGen      total 492032K, used 473932K [0x00000000e0000000, 0x00000000ffe80000, 0x0000000100000000)
  eden space 463872K, 99% used [0x00000000e0000000,0x00000000fc4dd698,0x00000000fc500000)
  from space 28160K, 36% used [0x00000000fc500000,0x00000000fcef59e8,0x00000000fe080000)
  to   space 26624K, 0% used [0x00000000fe480000,0x00000000fe480000,0x00000000ffe80000)
 ParOldGen       total 137728K, used 101406K [0x00000000a0000000, 0x00000000a8680000, 0x00000000e0000000)
  object space 137728K, 73% used [0x00000000a0000000,0x00000000a6307bc0,0x00000000a8680000)
 Metaspace       used 90555K, capacity 94910K, committed 95192K, reserved 1132544K
  class space    used 11346K, capacity 12253K, committed 12288K, reserved 1048576K
Event: 687.910 GC heap after
Heap after GC invocations=31 (full 3):
 PSYoungGen      total 493056K, used 11124K [0x00000000e0000000, 0x00000000ffb80000, 0x0000000100000000)
  eden space 469504K, 0% used [0x00000000e0000000,0x00000000e0000000,0x00000000fca80000)
  from space 23552K, 47% used [0x00000000fe480000,0x00000000fef5d3e0,0x00000000ffb80000)
  to   space 25088K, 0% used [0x00000000fca80000,0x00000000fca80000,0x00000000fe300000)
 ParOldGen       total 137728K, used 101414K [0x00000000a0000000, 0x00000000a8680000, 0x00000000e0000000)
  object space 137728K, 73% used [0x00000000a0000000,0x00000000a6309bc0,0x00000000a8680000)
 Metaspace       used 90555K, capacity 94910K, committed 95192K, reserved 1132544K
  class space    used 11346K, capacity 12253K, committed 12288K, reserved 1048576K
}
Event: 751.062 GC heap before
{Heap before GC invocations=32 (full 3):
 PSYoungGen      total 493056K, used 480628K [0x00000000e0000000, 0x00000000ffb80000, 0x0000000100000000)
  eden space 469504K, 100% used [0x00000000e0000000,0x00000000fca80000,0x00000000fca80000)
  from space 23552K, 47% used [0x00000000fe480000,0x00000000fef5d3e0,0x00000000ffb80000)
  to   space 25088K, 0% used [0x00000000fca80000,0x00000000fca80000,0x00000000fe300000)
 ParOldGen       total 137728K, used 101414K [0x00000000a0000000, 0x00000000a8680000, 0x00000000e0000000)
  object space 137728K, 73% used [0x00000000a0000000,0x00000000a6309bc0,0x00000000a8680000)
 Metaspace       used 90870K, capacity 95346K, committed 95576K, reserved 1132544K
  class space    used 11383K, capacity 12326K, committed 12416K, reserved 1048576K
Event: 751.076 GC heap after
Heap after GC invocations=32 (full 3):
 PSYoungGen      total 457216K, used 6848K [0x00000000e0000000, 0x00000000fe780000, 0x0000000100000000)
  eden space 450048K, 0% used [0x00000000e0000000,0x00000000e0000000,0x00000000fb780000)
  from space 7168K, 95% used [0x00000000fca80000,0x00000000fd130020,0x00000000fd180000)
  to   space 22528K, 0% used [0x00000000fd180000,0x00000000fd180000,0x00000000fe780000)
 ParOldGen       total 137728K, used 101422K [0x00000000a0000000, 0x00000000a8680000, 0x00000000e0000000)
  object space 137728K, 73% used [0x00000000a0000000,0x00000000a630bbc0,0x00000000a8680000)
 Metaspace       used 90870K, capacity 95346K, committed 95576K, reserved 1132544K
  class space    used 11383K, capacity 12326K, committed 12416K, reserved 1048576K
}
Event: 1050.721 GC heap before
{Heap before GC invocations=33 (full 3):
 PSYoungGen      total 457216K, used 456896K [0x00000000e0000000, 0x00000000fe780000, 0x0000000100000000)
  eden space 450048K, 100% used [0x00000000e0000000,0x00000000fb780000,0x00000000fb780000)
  from space 7168K, 95% used [0x00000000fca80000,0x00000000fd130020,0x00000000fd180000)
  to   space 22528K, 0% used [0x00000000fd180000,0x00000000fd180000,0x00000000fe780000)
 ParOldGen       total 137728K, used 101422K [0x00000000a0000000, 0x00000000a8680000, 0x00000000e0000000)
  object space 137728K, 73% used [0x00000000a0000000,0x00000000a630bbc0,0x00000000a8680000)
 Metaspace       used 91567K, capacity 96468K, committed 96728K, reserved 1134592K
  class space    used 11443K, capacity 12449K, committed 12544K, reserved 1048576K
Event: 1050.861 GC heap after
Heap after GC invocations=33 (full 3):
 PSYoungGen      total 440832K, used 8864K [0x00000000e0000000, 0x00000000fda80000, 0x0000000100000000)
  eden space 431616K, 0% used [0x00000000e0000000,0x00000000e0000000,0x00000000fa580000)
  from space 9216K, 96% used [0x00000000fd180000,0x00000000fda28040,0x00000000fda80000)
  to   space 23552K, 0% used [0x00000000fac80000,0x00000000fac80000,0x00000000fc380000)
 ParOldGen       total 137728K, used 101430K [0x00000000a0000000, 0x00000000a8680000, 0x00000000e0000000)
  object space 137728K, 73% used [0x00000000a0000000,0x00000000a630dbc0,0x00000000a8680000)
 Metaspace       used 91567K, capacity 96468K, committed 96728K, reserved 1134592K
  class space    used 11443K, capacity 12449K, committed 12544K, reserved 1048576K
}
Event: 1142.588 GC heap before
{Heap before GC invocations=34 (full 3):
 PSYoungGen      total 440832K, used 241972K [0x00000000e0000000, 0x00000000fda80000, 0x0000000100000000)
  eden space 431616K, 54% used [0x00000000e0000000,0x00000000ee3a5398,0x00000000fa580000)
  from space 9216K, 96% used [0x00000000fd180000,0x00000000fda28040,0x00000000fda80000)
  to   space 23552K, 0% used [0x00000000fac80000,0x00000000fac80000,0x00000000fc380000)
 ParOldGen       total 137728K, used 101430K [0x00000000a0000000, 0x00000000a8680000, 0x00000000e0000000)
  object space 137728K, 73% used [0x00000000a0000000,0x00000000a630dbc0,0x00000000a8680000)
 Metaspace       used 92458K, capacity 98300K, committed 98380K, reserved 1134592K
  class space    used 11592K, capacity 12723K, committed 12800K, reserved 1048576K
Event: 1142.604 GC heap after
Heap after GC invocations=34 (full 3):
 PSYoungGen      total 421888K, used 7392K [0x00000000e0000000, 0x00000000fd200000, 0x0000000100000000)
  eden space 414208K, 0% used [0x00000000e0000000,0x00000000e0000000,0x00000000f9480000)
  from space 7680K, 96% used [0x00000000fac80000,0x00000000fb3b8000,0x00000000fb400000)
  to   space 22528K, 0% used [0x00000000fbc00000,0x00000000fbc00000,0x00000000fd200000)
 ParOldGen       total 137728K, used 101430K [0x00000000a0000000, 0x00000000a8680000, 0x00000000e0000000)
  object space 137728K, 73% used [0x00000000a0000000,0x00000000a630dbc0,0x00000000a8680000)
 Metaspace       used 92458K, capacity 98300K, committed 98380K, reserved 1134592K
  class space    used 11592K, capacity 12723K, committed 12800K, reserved 1048576K
}
Event: 1142.604 GC heap before
{Heap before GC invocations=35 (full 4):
 PSYoungGen      total 421888K, used 7392K [0x00000000e0000000, 0x00000000fd200000, 0x0000000100000000)
  eden space 414208K, 0% used [0x00000000e0000000,0x00000000e0000000,0x00000000f9480000)
  from space 7680K, 96% used [0x00000000fac80000,0x00000000fb3b8000,0x00000000fb400000)
  to   space 22528K, 0% used [0x00000000fbc00000,0x00000000fbc00000,0x00000000fd200000)
 ParOldGen       total 137728K, used 101430K [0x00000000a0000000, 0x00000000a8680000, 0x00000000e0000000)
  object space 137728K, 73% used [0x00000000a0000000,0x00000000a630dbc0,0x00000000a8680000)
 Metaspace       used 92458K, capacity 98300K, committed 98380K, reserved 1134592K
  class space    used 11592K, capacity 12723K, committed 12800K, reserved 1048576K
Event: 1142.850 GC heap after
Heap after GC invocations=35 (full 4):
 PSYoungGen      total 421888K, used 0K [0x00000000e0000000, 0x00000000fd200000, 0x0000000100000000)
  eden space 414208K, 0% used [0x00000000e0000000,0x00000000e0000000,0x00000000f9480000)
  from space 7680K, 0% used [0x00000000fac80000,0x00000000fac80000,0x00000000fb400000)
  to   space 22528K, 0% used [0x00000000fbc00000,0x00000000fbc00000,0x00000000fd200000)
 ParOldGen       total 220672K, used 69008K [0x00000000a0000000, 0x00000000ad780000, 0x00000000e0000000)
  object space 220672K, 31% used [0x00000000a0000000,0x00000000a4364378,0x00000000ad780000)
 Metaspace       used 92219K, capacity 97660K, committed 98380K, reserved 1134592K
  class space    used 11508K, capacity 12587K, committed 12800K, reserved 1048576K
}

